Starting a Gradle Daemon (subsequent builds will be faster)
> Task :compileJava UP-TO-DATE
> Task :processResources UP-TO-DATE
> Task :classes UP-TO-DATE
> Task :resolveMainClassName

> Task :bootRun

  .   ____          _            __ _ _
 /\\ / ___'_ __ _ _(_)_ __  __ _ \ \ \ \
( ( )\___ | '_ | '_| | '_ \/ _` | \ \ \ \
 \\/  ___)| |_)| | | | | || (_| |  ) ) ) )
  '  |____| .__|_| |_|_| |_\__, | / / / /
 =========|_|==============|___/=/_/_/_/

 :: Spring Boot ::                (v3.5.5)

2025-09-13T21:36:05.430+09:00  INFO 6492 --- [CultureMate API] [  restartedMain] c.c.c.CultureMateApiApplication          : Starting CultureMateApiApplication using Java 21.0.7 with PID 6492 (C:\Users\USER\CULTURE-MATE\culture-mate-BACK\build\classes\java\main started by KKH in C:\Users\USER\CULTURE-MATE\culture-mate-BACK)
2025-09-13T21:36:05.432+09:00  INFO 6492 --- [CultureMate API] [  restartedMain] c.c.c.CultureMateApiApplication          : No active profile set, falling back to 1 default profile: "default"
2025-09-13T21:36:05.486+09:00  INFO 6492 --- [CultureMate API] [  restartedMain] o.s.b.devtools.restart.ChangeableUrls    : The Class-Path manifest attribute in C:\Users\USER\.gradle\caches\modules-2\files-2.1\com.oracle.database.jdbc\ojdbc11\23.7.0.25.01\665f52abef9122ce003b5cfc1d9d44f7302e2cfe\ojdbc11-23.7.0.25.01.jar referenced one or more files that do not exist: file:/C:/Users/USER/.gradle/caches/modules-2/files-2.1/com.oracle.database.jdbc/ojdbc11/23.7.0.25.01/665f52abef9122ce003b5cfc1d9d44f7302e2cfe/oraclepki.jar
2025-09-13T21:36:05.486+09:00  INFO 6492 --- [CultureMate API] [  restartedMain] .e.DevToolsPropertyDefaultsPostProcessor : Devtools property defaults active! Set 'spring.devtools.add-properties' to 'false' to disable
2025-09-13T21:36:05.486+09:00  INFO 6492 --- [CultureMate API] [  restartedMain] .e.DevToolsPropertyDefaultsPostProcessor : For additional web related logging consider setting the 'logging.level.web' property to 'DEBUG'
2025-09-13T21:36:06.619+09:00  INFO 6492 --- [CultureMate API] [  restartedMain] .s.d.r.c.RepositoryConfigurationDelegate : Bootstrapping Spring Data JPA repositories in DEFAULT mode.
2025-09-13T21:36:06.746+09:00  INFO 6492 --- [CultureMate API] [  restartedMain] .s.d.r.c.RepositoryConfigurationDelegate : Finished Spring Data repository scanning in 116 ms. Found 17 JPA repository interfaces.
2025-09-13T21:36:07.592+09:00  INFO 6492 --- [CultureMate API] [  restartedMain] o.s.b.w.embedded.tomcat.TomcatWebServer  : Tomcat initialized with port 8080 (http)
2025-09-13T21:36:07.612+09:00  INFO 6492 --- [CultureMate API] [  restartedMain] o.apache.catalina.core.StandardService   : Starting service [Tomcat]
2025-09-13T21:36:07.612+09:00  INFO 6492 --- [CultureMate API] [  restartedMain] o.apache.catalina.core.StandardEngine    : Starting Servlet engine: [Apache Tomcat/10.1.44]
2025-09-13T21:36:07.684+09:00  INFO 6492 --- [CultureMate API] [  restartedMain] o.a.c.c.C.[Tomcat].[localhost].[/]       : Initializing Spring embedded WebApplicationContext
2025-09-13T21:36:07.684+09:00  INFO 6492 --- [CultureMate API] [  restartedMain] w.s.c.ServletWebServerApplicationContext : Root WebApplicationContext: initialization completed in 2197 ms
2025-09-13T21:36:07.949+09:00  INFO 6492 --- [CultureMate API] [  restartedMain] o.hibernate.jpa.internal.util.LogHelper  : HHH000204: Processing PersistenceUnitInfo [name: default]
2025-09-13T21:36:08.022+09:00  INFO 6492 --- [CultureMate API] [  restartedMain] org.hibernate.Version                    : HHH000412: Hibernate ORM core version 6.6.26.Final
2025-09-13T21:36:08.066+09:00  INFO 6492 --- [CultureMate API] [  restartedMain] o.h.c.internal.RegionFactoryInitiator    : HHH000026: Second-level cache disabled
2025-09-13T21:36:08.494+09:00  INFO 6492 --- [CultureMate API] [  restartedMain] o.s.o.j.p.SpringPersistenceUnitInfo      : No LoadTimeWeaver setup: ignoring JPA class transformer
2025-09-13T21:36:08.542+09:00  INFO 6492 --- [CultureMate API] [  restartedMain] com.zaxxer.hikari.HikariDataSource       : HikariPool-1 - Starting...
2025-09-13T21:36:09.094+09:00  INFO 6492 --- [CultureMate API] [  restartedMain] com.zaxxer.hikari.pool.HikariPool        : HikariPool-1 - Added connection oracle.jdbc.driver.T4CConnection@6b5ae039
2025-09-13T21:36:09.097+09:00  INFO 6492 --- [CultureMate API] [  restartedMain] com.zaxxer.hikari.HikariDataSource       : HikariPool-1 - Start completed.
2025-09-13T21:36:09.480+09:00  INFO 6492 --- [CultureMate API] [  restartedMain] org.hibernate.orm.connections.pooling    : HHH10001005: Database info:
	Database JDBC URL [Connecting through datasource 'HikariDataSource (HikariPool-1)']
	Database driver: undefined/unknown
	Database version: 19.24
	Autocommit mode: undefined/unknown
	Isolation level: undefined/unknown
	Minimum pool size: undefined/unknown
	Maximum pool size: undefined/unknown
2025-09-13T21:36:10.995+09:00 DEBUG 6492 --- [CultureMate API] [  restartedMain] org.hibernate.SQL                        : 
    create global temporary table HTE_chat_message(rn_ number(10, 0) not null, created_at timestamp(6) with time zone, member_id number(19, 0), message_id number(19, 0), room_id number(19, 0), content varchar2(1000 char), primary key (rn_)) 
        on commit delete rows
Hibernate: 
    create global temporary table HTE_chat_message(rn_ number(10, 0) not null, created_at timestamp(6) with time zone, member_id number(19, 0), message_id number(19, 0), room_id number(19, 0), content varchar2(1000 char), primary key (rn_)) 
        on commit delete rows
2025-09-13T21:36:11.021+09:00 DEBUG 6492 --- [CultureMate API] [  restartedMain] org.hibernate.SQL                        : 
    create global temporary table HTE_board_like(rn_ number(10, 0) not null, board_id number(19, 0), board_like_id number(19, 0), member_id number(19, 0), primary key (rn_)) 
        on commit delete rows
Hibernate: 
    create global temporary table HTE_board_like(rn_ number(10, 0) not null, board_id number(19, 0), board_like_id number(19, 0), member_id number(19, 0), primary key (rn_)) 
        on commit delete rows
2025-09-13T21:36:11.047+09:00 DEBUG 6492 --- [CultureMate API] [  restartedMain] org.hibernate.SQL                        : 
    create global temporary table HTE_member(rn_ number(10, 0) not null, joined_at timestamp(6) with time zone, member_id number(19, 0), updated_at timestamp(6) with time zone, login_id varchar2(255 char), password varchar2(255 char), role varchar2(255 char), status varchar2(255 char), primary key (rn_)) 
        on commit delete rows
Hibernate: 
    create global temporary table HTE_member(rn_ number(10, 0) not null, joined_at timestamp(6) with time zone, member_id number(19, 0), updated_at timestamp(6) with time zone, login_id varchar2(255 char), password varchar2(255 char), role varchar2(255 char), status varchar2(255 char), primary key (rn_)) 
        on commit delete rows
2025-09-13T21:36:11.069+09:00 DEBUG 6492 --- [CultureMate API] [  restartedMain] org.hibernate.SQL                        : 
    create global temporary table HTE_board(like_count number(10, 0), rn_ number(10, 0) not null, board_id number(19, 0), created_at timestamp(6) with time zone, event_id number(19, 0), member_id number(19, 0), updated_at timestamp(6) with time zone, content varchar2(2000 char), event_type varchar2(255 char), title varchar2(255 char), primary key (rn_)) 
        on commit delete rows
Hibernate: 
    create global temporary table HTE_board(like_count number(10, 0), rn_ number(10, 0) not null, board_id number(19, 0), created_at timestamp(6) with time zone, event_id number(19, 0), member_id number(19, 0), updated_at timestamp(6) with time zone, content varchar2(2000 char), event_type varchar2(255 char), title varchar2(255 char), primary key (rn_)) 
        on commit delete rows
2025-09-13T21:36:11.090+09:00 DEBUG 6492 --- [CultureMate API] [  restartedMain] org.hibernate.SQL                        : 
    create global temporary table HTE_ticket_price(price number(10, 0), rn_ number(10, 0) not null, event_id number(19, 0), ticket_price_id number(19, 0), ticket_type varchar2(255 char), primary key (rn_)) 
        on commit delete rows
Hibernate: 
    create global temporary table HTE_ticket_price(price number(10, 0), rn_ number(10, 0) not null, event_id number(19, 0), ticket_price_id number(19, 0), ticket_type varchar2(255 char), primary key (rn_)) 
        on commit delete rows
2025-09-13T21:36:11.113+09:00 DEBUG 6492 --- [CultureMate API] [  restartedMain] org.hibernate.SQL                        : 
    create global temporary table HTE_interest_events(rn_ number(10, 0) not null, event_id number(19, 0), interest_event_id number(19, 0), member_id number(19, 0), primary key (rn_)) 
        on commit delete rows
Hibernate: 
    create global temporary table HTE_interest_events(rn_ number(10, 0) not null, event_id number(19, 0), interest_event_id number(19, 0), member_id number(19, 0), primary key (rn_)) 
        on commit delete rows
2025-09-13T21:36:11.135+09:00 DEBUG 6492 --- [CultureMate API] [  restartedMain] org.hibernate.SQL                        : 
    create global temporary table HTE_comments(like_count number(10, 0), rn_ number(10, 0) not null, board_id number(19, 0), comment_id number(19, 0), created_at timestamp(6) with time zone, member_id number(19, 0), parent_id number(19, 0), updated_at timestamp(6) with time zone, content varchar2(2000 char), primary key (rn_)) 
        on commit delete rows
Hibernate: 
    create global temporary table HTE_comments(like_count number(10, 0), rn_ number(10, 0) not null, board_id number(19, 0), comment_id number(19, 0), created_at timestamp(6) with time zone, member_id number(19, 0), parent_id number(19, 0), updated_at timestamp(6) with time zone, content varchar2(2000 char), primary key (rn_)) 
        on commit delete rows
2025-09-13T21:36:11.157+09:00 DEBUG 6492 --- [CultureMate API] [  restartedMain] org.hibernate.SQL                        : 
    create global temporary table HTE_chat_room(rn_ number(10, 0) not null, created_at timestamp(6) with time zone, room_id number(19, 0), together_id number(19, 0), room_name varchar2(255 char), primary key (rn_)) 
        on commit delete rows
Hibernate: 
    create global temporary table HTE_chat_room(rn_ number(10, 0) not null, created_at timestamp(6) with time zone, room_id number(19, 0), together_id number(19, 0), room_name varchar2(255 char), primary key (rn_)) 
        on commit delete rows
2025-09-13T21:36:11.177+09:00 DEBUG 6492 --- [CultureMate API] [  restartedMain] org.hibernate.SQL                        : 
    create global temporary table HTE_image(rn_ number(10, 0) not null, created_at timestamp(6) with time zone, image_id number(19, 0), target_id number(19, 0), path varchar2(255 char), target_type varchar2(255 char), primary key (rn_)) 
        on commit delete rows
Hibernate: 
    create global temporary table HTE_image(rn_ number(10, 0) not null, created_at timestamp(6) with time zone, image_id number(19, 0), target_id number(19, 0), path varchar2(255 char), target_type varchar2(255 char), primary key (rn_)) 
        on commit delete rows
2025-09-13T21:36:11.198+09:00 DEBUG 6492 --- [CultureMate API] [  restartedMain] org.hibernate.SQL                        : 
    create global temporary table HTE_interest_togethers(rn_ number(10, 0) not null, interest_together_id number(19, 0), member_id number(19, 0), together_id number(19, 0), primary key (rn_)) 
        on commit delete rows
Hibernate: 
    create global temporary table HTE_interest_togethers(rn_ number(10, 0) not null, interest_together_id number(19, 0), member_id number(19, 0), together_id number(19, 0), primary key (rn_)) 
        on commit delete rows
2025-09-13T21:36:11.217+09:00 DEBUG 6492 --- [CultureMate API] [  restartedMain] org.hibernate.SQL                        : 
    create global temporary table HTE_region(rn_ number(10, 0) not null, id number(19, 0), parent_id number(19, 0), region_name varchar2(255 char), primary key (rn_)) 
        on commit delete rows
Hibernate: 
    create global temporary table HTE_region(rn_ number(10, 0) not null, id number(19, 0), parent_id number(19, 0), region_name varchar2(255 char), primary key (rn_)) 
        on commit delete rows
2025-09-13T21:36:11.237+09:00 DEBUG 6492 --- [CultureMate API] [  restartedMain] org.hibernate.SQL                        : 
    create global temporary table HTE_comment_like(rn_ number(10, 0) not null, comment_id number(19, 0), comment_like_id number(19, 0), member_id number(19, 0), primary key (rn_)) 
        on commit delete rows
Hibernate: 
    create global temporary table HTE_comment_like(rn_ number(10, 0) not null, comment_id number(19, 0), comment_like_id number(19, 0), member_id number(19, 0), primary key (rn_)) 
        on commit delete rows
2025-09-13T21:36:11.257+09:00 DEBUG 6492 --- [CultureMate API] [  restartedMain] org.hibernate.SQL                        : 
    create global temporary table HTE_participants(rn_ number(10, 0) not null, member_id number(19, 0), participant_id number(19, 0), together_id number(19, 0), status varchar2(255 char), primary key (rn_)) 
        on commit delete rows
Hibernate: 
    create global temporary table HTE_participants(rn_ number(10, 0) not null, member_id number(19, 0), participant_id number(19, 0), together_id number(19, 0), status varchar2(255 char), primary key (rn_)) 
        on commit delete rows
2025-09-13T21:36:11.278+09:00 DEBUG 6492 --- [CultureMate API] [  restartedMain] org.hibernate.SQL                        : 
    create global temporary table HTE_chat_member(rn_ number(10, 0) not null, chat_member_id number(19, 0), member_id number(19, 0), room_id number(19, 0), primary key (rn_)) 
        on commit delete rows
Hibernate: 
    create global temporary table HTE_chat_member(rn_ number(10, 0) not null, chat_member_id number(19, 0), member_id number(19, 0), room_id number(19, 0), primary key (rn_)) 
        on commit delete rows
2025-09-13T21:36:11.296+09:00 DEBUG 6492 --- [CultureMate API] [  restartedMain] org.hibernate.SQL                        : 
    create global temporary table HTE_tag(count number(10, 0), rn_ number(10, 0) not null, tag varchar2(255 char), primary key (rn_)) 
        on commit delete rows
Hibernate: 
    create global temporary table HTE_tag(count number(10, 0), rn_ number(10, 0) not null, tag varchar2(255 char), primary key (rn_)) 
        on commit delete rows
2025-09-13T21:36:11.317+09:00 DEBUG 6492 --- [CultureMate API] [  restartedMain] org.hibernate.SQL                        : 
    create global temporary table HTE_event_review(rating number(10, 0), rn_ number(10, 0) not null, author_id number(19, 0), created_at timestamp(6) with time zone, event_id number(19, 0), review_id number(19, 0), updated_at timestamp(6) with time zone, content varchar2(2000 char), primary key (rn_)) 
        on commit delete rows
Hibernate: 
    create global temporary table HTE_event_review(rating number(10, 0), rn_ number(10, 0) not null, author_id number(19, 0), created_at timestamp(6) with time zone, event_id number(19, 0), review_id number(19, 0), updated_at timestamp(6) with time zone, content varchar2(2000 char), primary key (rn_)) 
        on commit delete rows
2025-09-13T21:36:11.340+09:00 DEBUG 6492 --- [CultureMate API] [  restartedMain] org.hibernate.SQL                        : 
    create global temporary table HTE_event(avg_rating number(38, 2), duration_min number(10, 0), end_date date, interest_count number(10, 0), min_age number(10, 0), review_count number(10, 0), rn_ number(10, 0) not null, start_date date, created_at timestamp(6) with time zone, event_id number(19, 0), region_id number(19, 0), region_snapshot_id number(19, 0), updated_at timestamp(6) with time zone, region_level1 varchar2(50 char), region_level2 varchar2(50 char), region_level3 varchar2(50 char), address varchar2(255 char), address_detail varchar2(255 char), description varchar2(255 char), event_location varchar2(255 char), event_type varchar2(255 char), main_image_path varchar2(255 char), thumbnail_image_path varchar2(255 char), title varchar2(255 char), primary key (rn_)) 
        on commit delete rows
Hibernate: 
    create global temporary table HTE_event(avg_rating number(38, 2), duration_min number(10, 0), end_date date, interest_count number(10, 0), min_age number(10, 0), review_count number(10, 0), rn_ number(10, 0) not null, start_date date, created_at timestamp(6) with time zone, event_id number(19, 0), region_id number(19, 0), region_snapshot_id number(19, 0), updated_at timestamp(6) with time zone, region_level1 varchar2(50 char), region_level2 varchar2(50 char), region_level3 varchar2(50 char), address varchar2(255 char), address_detail varchar2(255 char), description varchar2(255 char), event_location varchar2(255 char), event_type varchar2(255 char), main_image_path varchar2(255 char), thumbnail_image_path varchar2(255 char), title varchar2(255 char), primary key (rn_)) 
        on commit delete rows
2025-09-13T21:36:11.362+09:00 DEBUG 6492 --- [CultureMate API] [  restartedMain] org.hibernate.SQL                        : 
    create global temporary table HTE_together(host_recruiting_enabled number(1, 0), interest_count number(10, 0), max_participants number(10, 0), meeting_date date, participant_count number(10, 0), rn_ number(10, 0) not null, created_at timestamp(6) with time zone, event_id number(19, 0), host_id number(19, 0), region_id number(19, 0), region_snapshot_id number(19, 0), together_id number(19, 0), updated_at timestamp(6) with time zone, region_level1 varchar2(50 char), region_level2 varchar2(50 char), region_level3 varchar2(50 char), content varchar2(2000 char), main_image_path varchar2(255 char), meeting_location varchar2(255 char), thumbnail_image_path varchar2(255 char), title varchar2(255 char), primary key (rn_)) 
        on commit delete rows
Hibernate: 
    create global temporary table HTE_together(host_recruiting_enabled number(1, 0), interest_count number(10, 0), max_participants number(10, 0), meeting_date date, participant_count number(10, 0), rn_ number(10, 0) not null, created_at timestamp(6) with time zone, event_id number(19, 0), host_id number(19, 0), region_id number(19, 0), region_snapshot_id number(19, 0), together_id number(19, 0), updated_at timestamp(6) with time zone, region_level1 varchar2(50 char), region_level2 varchar2(50 char), region_level3 varchar2(50 char), content varchar2(2000 char), main_image_path varchar2(255 char), meeting_location varchar2(255 char), thumbnail_image_path varchar2(255 char), title varchar2(255 char), primary key (rn_)) 
        on commit delete rows
2025-09-13T21:36:11.586+09:00  INFO 6492 --- [CultureMate API] [  restartedMain] o.h.e.t.j.p.i.JtaPlatformInitiator       : HHH000489: No JTA platform available (set 'hibernate.transaction.jta.platform' to enable JTA platform integration)
2025-09-13T21:36:15.376+09:00  INFO 6492 --- [CultureMate API] [  restartedMain] j.LocalContainerEntityManagerFactoryBean : Initialized JPA EntityManagerFactory for persistence unit 'default'
2025-09-13T21:36:15.682+09:00  INFO 6492 --- [CultureMate API] [  restartedMain] o.s.d.j.r.query.QueryEnhancerFactory     : Hibernate is in classpath; If applicable, HQL parser will be used.
2025-09-13T21:36:16.420+09:00  INFO 6492 --- [CultureMate API] [  restartedMain] r$InitializeUserDetailsManagerConfigurer : Global AuthenticationManager configured with UserDetailsService bean with name loginService
2025-09-13T21:36:19.617+09:00  WARN 6492 --- [CultureMate API] [  restartedMain] JpaBaseConfiguration$JpaWebConfiguration : spring.jpa.open-in-view is enabled by default. Therefore, database queries may be performed during view rendering. Explicitly configure spring.jpa.open-in-view to disable this warning
2025-09-13T21:36:21.273+09:00  INFO 6492 --- [CultureMate API] [  restartedMain] o.s.b.a.h2.H2ConsoleAutoConfiguration    : H2 console available at '/h2-console'. Database available at 'jdbc:oracle:thin:@//kafolio.kr:2444/orcl'
2025-09-13T21:36:21.900+09:00  INFO 6492 --- [CultureMate API] [  restartedMain] o.s.b.d.a.OptionalLiveReloadServer       : LiveReload server is running on port 35729
2025-09-13T21:36:21.959+09:00  INFO 6492 --- [CultureMate API] [  restartedMain] o.s.m.s.b.SimpleBrokerMessageHandler     : Starting...
2025-09-13T21:36:21.960+09:00  INFO 6492 --- [CultureMate API] [  restartedMain] o.s.m.s.b.SimpleBrokerMessageHandler     : BrokerAvailabilityEvent[available=true, SimpleBrokerMessageHandler [org.springframework.messaging.simp.broker.DefaultSubscriptionRegistry@62ac3c0a]]
2025-09-13T21:36:21.963+09:00  INFO 6492 --- [CultureMate API] [  restartedMain] o.s.m.s.b.SimpleBrokerMessageHandler     : Started.
2025-09-13T21:36:22.008+09:00  INFO 6492 --- [CultureMate API] [  restartedMain] o.s.b.w.embedded.tomcat.TomcatWebServer  : Tomcat started on port 8080 (http) with context path '/'
2025-09-13T21:36:22.033+09:00  INFO 6492 --- [CultureMate API] [  restartedMain] c.c.c.CultureMateApiApplication          : Started CultureMateApiApplication in 17.121 seconds (process running for 17.734)
start culturemate-api server!
hello
2025-09-13T21:37:21.957+09:00  INFO 6492 --- [CultureMate API] [MessageBroker-1] o.s.w.s.c.WebSocketMessageBrokerStats    : WebSocketSession[0 current WS(0)-HttpStream(0)-HttpPoll(0), 0 total, 0 closed abnormally (0 connect failure, 0 send limit, 0 transport error)], stompSubProtocol[processed CONNECT(0)-CONNECTED(0)-DISCONNECT(0)], stompBrokerRelay[null], inboundChannel[pool size = 0, active threads = 0, queued tasks = 0, completed tasks = 0], outboundChannel[pool size = 0, active threads = 0, queued tasks = 0, completed tasks = 0], sockJsScheduler[pool size = 1, active threads = 1, queued tasks = 0, completed tasks = 0]
2025-09-13T21:49:12.792+09:00  INFO 6492 --- [CultureMate API] [   File Watcher] rtingClassPathChangeChangedEventListener : Restarting due to 7 class path changes (0 additions, 0 deletions, 7 modifications)
2025-09-13T21:49:12.799+09:00  INFO 6492 --- [CultureMate API] [       Thread-7] o.s.b.w.e.tomcat.GracefulShutdown        : Commencing graceful shutdown. Waiting for active requests to complete
2025-09-13T21:49:12.812+09:00  INFO 6492 --- [CultureMate API] [tomcat-shutdown] o.s.b.w.e.tomcat.GracefulShutdown        : Graceful shutdown complete
2025-09-13T21:49:12.820+09:00  INFO 6492 --- [CultureMate API] [       Thread-7] o.s.m.s.b.SimpleBrokerMessageHandler     : Stopping...
2025-09-13T21:49:12.820+09:00  INFO 6492 --- [CultureMate API] [       Thread-7] o.s.m.s.b.SimpleBrokerMessageHandler     : BrokerAvailabilityEvent[available=false, SimpleBrokerMessageHandler [org.springframework.messaging.simp.broker.DefaultSubscriptionRegistry@62ac3c0a]]
2025-09-13T21:49:12.820+09:00  INFO 6492 --- [CultureMate API] [       Thread-7] o.s.m.s.b.SimpleBrokerMessageHandler     : Stopped.
2025-09-13T21:49:12.833+09:00  INFO 6492 --- [CultureMate API] [       Thread-7] j.LocalContainerEntityManagerFactoryBean : Closing JPA EntityManagerFactory for persistence unit 'default'
2025-09-13T21:49:12.848+09:00  INFO 6492 --- [CultureMate API] [       Thread-7] com.zaxxer.hikari.HikariDataSource       : HikariPool-1 - Shutdown initiated...
2025-09-13T21:49:12.950+09:00  INFO 6492 --- [CultureMate API] [       Thread-7] com.zaxxer.hikari.HikariDataSource       : HikariPool-1 - Shutdown completed.

  .   ____          _            __ _ _
 /\\ / ___'_ __ _ _(_)_ __  __ _ \ \ \ \
( ( )\___ | '_ | '_| | '_ \/ _` | \ \ \ \
 \\/  ___)| |_)| | | | | || (_| |  ) ) ) )
  '  |____| .__|_| |_|_| |_\__, | / / / /
 =========|_|==============|___/=/_/_/_/

 :: Spring Boot ::                (v3.5.5)

2025-09-13T21:49:13.147+09:00  INFO 6492 --- [CultureMate API] [  restartedMain] c.c.c.CultureMateApiApplication          : Starting CultureMateApiApplication using Java 21.0.7 with PID 6492 (C:\Users\USER\CULTURE-MATE\culture-mate-BACK\build\classes\java\main started by KKH in C:\Users\USER\CULTURE-MATE\culture-mate-BACK)
2025-09-13T21:49:13.148+09:00  INFO 6492 --- [CultureMate API] [  restartedMain] c.c.c.CultureMateApiApplication          : No active profile set, falling back to 1 default profile: "default"
2025-09-13T21:49:14.213+09:00  INFO 6492 --- [CultureMate API] [  restartedMain] .s.d.r.c.RepositoryConfigurationDelegate : Bootstrapping Spring Data JPA repositories in DEFAULT mode.
2025-09-13T21:49:14.379+09:00  INFO 6492 --- [CultureMate API] [  restartedMain] .s.d.r.c.RepositoryConfigurationDelegate : Finished Spring Data repository scanning in 163 ms. Found 17 JPA repository interfaces.
2025-09-13T21:49:14.780+09:00  INFO 6492 --- [CultureMate API] [  restartedMain] o.s.b.w.embedded.tomcat.TomcatWebServer  : Tomcat initialized with port 8080 (http)
2025-09-13T21:49:14.786+09:00  INFO 6492 --- [CultureMate API] [  restartedMain] o.apache.catalina.core.StandardService   : Starting service [Tomcat]
2025-09-13T21:49:14.787+09:00  INFO 6492 --- [CultureMate API] [  restartedMain] o.apache.catalina.core.StandardEngine    : Starting Servlet engine: [Apache Tomcat/10.1.44]
2025-09-13T21:49:14.846+09:00  INFO 6492 --- [CultureMate API] [  restartedMain] o.a.c.c.C.[Tomcat].[localhost].[/]       : Initializing Spring embedded WebApplicationContext
2025-09-13T21:49:14.846+09:00  INFO 6492 --- [CultureMate API] [  restartedMain] w.s.c.ServletWebServerApplicationContext : Root WebApplicationContext: initialization completed in 1691 ms
2025-09-13T21:49:14.986+09:00  INFO 6492 --- [CultureMate API] [  restartedMain] o.hibernate.jpa.internal.util.LogHelper  : HHH000204: Processing PersistenceUnitInfo [name: default]
2025-09-13T21:49:14.999+09:00  INFO 6492 --- [CultureMate API] [  restartedMain] o.h.c.internal.RegionFactoryInitiator    : HHH000026: Second-level cache disabled
2025-09-13T21:49:15.028+09:00  INFO 6492 --- [CultureMate API] [  restartedMain] o.s.o.j.p.SpringPersistenceUnitInfo      : No LoadTimeWeaver setup: ignoring JPA class transformer
2025-09-13T21:49:15.031+09:00  INFO 6492 --- [CultureMate API] [  restartedMain] com.zaxxer.hikari.HikariDataSource       : HikariPool-2 - Starting...
2025-09-13T21:49:15.239+09:00  INFO 6492 --- [CultureMate API] [  restartedMain] com.zaxxer.hikari.pool.HikariPool        : HikariPool-2 - Added connection oracle.jdbc.driver.T4CConnection@56fd08a4
2025-09-13T21:49:15.240+09:00  INFO 6492 --- [CultureMate API] [  restartedMain] com.zaxxer.hikari.HikariDataSource       : HikariPool-2 - Start completed.
2025-09-13T21:49:15.306+09:00  INFO 6492 --- [CultureMate API] [  restartedMain] org.hibernate.orm.connections.pooling    : HHH10001005: Database info:
	Database JDBC URL [Connecting through datasource 'HikariDataSource (HikariPool-2)']
	Database driver: undefined/unknown
	Database version: 19.24
	Autocommit mode: undefined/unknown
	Isolation level: undefined/unknown
	Minimum pool size: undefined/unknown
	Maximum pool size: undefined/unknown
2025-09-13T21:49:16.107+09:00 DEBUG 6492 --- [CultureMate API] [  restartedMain] org.hibernate.SQL                        : 
    create global temporary table HTE_chat_message(rn_ number(10, 0) not null, created_at timestamp(6) with time zone, member_id number(19, 0), message_id number(19, 0), room_id number(19, 0), content varchar2(1000 char), primary key (rn_)) 
        on commit delete rows
Hibernate: 
    create global temporary table HTE_chat_message(rn_ number(10, 0) not null, created_at timestamp(6) with time zone, member_id number(19, 0), message_id number(19, 0), room_id number(19, 0), content varchar2(1000 char), primary key (rn_)) 
        on commit delete rows
2025-09-13T21:49:16.146+09:00 DEBUG 6492 --- [CultureMate API] [  restartedMain] org.hibernate.SQL                        : 
    create global temporary table HTE_board_like(rn_ number(10, 0) not null, board_id number(19, 0), board_like_id number(19, 0), member_id number(19, 0), primary key (rn_)) 
        on commit delete rows
Hibernate: 
    create global temporary table HTE_board_like(rn_ number(10, 0) not null, board_id number(19, 0), board_like_id number(19, 0), member_id number(19, 0), primary key (rn_)) 
        on commit delete rows
2025-09-13T21:49:16.169+09:00 DEBUG 6492 --- [CultureMate API] [  restartedMain] org.hibernate.SQL                        : 
    create global temporary table HTE_member(rn_ number(10, 0) not null, joined_at timestamp(6) with time zone, member_id number(19, 0), updated_at timestamp(6) with time zone, login_id varchar2(255 char), password varchar2(255 char), role varchar2(255 char), status varchar2(255 char), primary key (rn_)) 
        on commit delete rows
Hibernate: 
    create global temporary table HTE_member(rn_ number(10, 0) not null, joined_at timestamp(6) with time zone, member_id number(19, 0), updated_at timestamp(6) with time zone, login_id varchar2(255 char), password varchar2(255 char), role varchar2(255 char), status varchar2(255 char), primary key (rn_)) 
        on commit delete rows
2025-09-13T21:49:16.191+09:00 DEBUG 6492 --- [CultureMate API] [  restartedMain] org.hibernate.SQL                        : 
    create global temporary table HTE_board(like_count number(10, 0), rn_ number(10, 0) not null, board_id number(19, 0), created_at timestamp(6) with time zone, event_id number(19, 0), member_id number(19, 0), updated_at timestamp(6) with time zone, content varchar2(2000 char), event_type varchar2(255 char), title varchar2(255 char), primary key (rn_)) 
        on commit delete rows
Hibernate: 
    create global temporary table HTE_board(like_count number(10, 0), rn_ number(10, 0) not null, board_id number(19, 0), created_at timestamp(6) with time zone, event_id number(19, 0), member_id number(19, 0), updated_at timestamp(6) with time zone, content varchar2(2000 char), event_type varchar2(255 char), title varchar2(255 char), primary key (rn_)) 
        on commit delete rows
2025-09-13T21:49:16.209+09:00 DEBUG 6492 --- [CultureMate API] [  restartedMain] org.hibernate.SQL                        : 
    create global temporary table HTE_ticket_price(price number(10, 0), rn_ number(10, 0) not null, event_id number(19, 0), ticket_price_id number(19, 0), ticket_type varchar2(255 char), primary key (rn_)) 
        on commit delete rows
Hibernate: 
    create global temporary table HTE_ticket_price(price number(10, 0), rn_ number(10, 0) not null, event_id number(19, 0), ticket_price_id number(19, 0), ticket_type varchar2(255 char), primary key (rn_)) 
        on commit delete rows
2025-09-13T21:49:16.230+09:00 DEBUG 6492 --- [CultureMate API] [  restartedMain] org.hibernate.SQL                        : 
    create global temporary table HTE_interest_events(rn_ number(10, 0) not null, event_id number(19, 0), interest_event_id number(19, 0), member_id number(19, 0), primary key (rn_)) 
        on commit delete rows
Hibernate: 
    create global temporary table HTE_interest_events(rn_ number(10, 0) not null, event_id number(19, 0), interest_event_id number(19, 0), member_id number(19, 0), primary key (rn_)) 
        on commit delete rows
2025-09-13T21:49:16.254+09:00 DEBUG 6492 --- [CultureMate API] [  restartedMain] org.hibernate.SQL                        : 
    create global temporary table HTE_comments(like_count number(10, 0), rn_ number(10, 0) not null, board_id number(19, 0), comment_id number(19, 0), created_at timestamp(6) with time zone, member_id number(19, 0), parent_id number(19, 0), updated_at timestamp(6) with time zone, content varchar2(2000 char), primary key (rn_)) 
        on commit delete rows
Hibernate: 
    create global temporary table HTE_comments(like_count number(10, 0), rn_ number(10, 0) not null, board_id number(19, 0), comment_id number(19, 0), created_at timestamp(6) with time zone, member_id number(19, 0), parent_id number(19, 0), updated_at timestamp(6) with time zone, content varchar2(2000 char), primary key (rn_)) 
        on commit delete rows
2025-09-13T21:49:16.280+09:00 DEBUG 6492 --- [CultureMate API] [  restartedMain] org.hibernate.SQL                        : 
    create global temporary table HTE_chat_room(rn_ number(10, 0) not null, created_at timestamp(6) with time zone, room_id number(19, 0), together_id number(19, 0), room_name varchar2(255 char), primary key (rn_)) 
        on commit delete rows
Hibernate: 
    create global temporary table HTE_chat_room(rn_ number(10, 0) not null, created_at timestamp(6) with time zone, room_id number(19, 0), together_id number(19, 0), room_name varchar2(255 char), primary key (rn_)) 
        on commit delete rows
2025-09-13T21:49:16.302+09:00 DEBUG 6492 --- [CultureMate API] [  restartedMain] org.hibernate.SQL                        : 
    create global temporary table HTE_image(rn_ number(10, 0) not null, created_at timestamp(6) with time zone, image_id number(19, 0), target_id number(19, 0), path varchar2(255 char), target_type varchar2(255 char), primary key (rn_)) 
        on commit delete rows
Hibernate: 
    create global temporary table HTE_image(rn_ number(10, 0) not null, created_at timestamp(6) with time zone, image_id number(19, 0), target_id number(19, 0), path varchar2(255 char), target_type varchar2(255 char), primary key (rn_)) 
        on commit delete rows
2025-09-13T21:49:16.324+09:00 DEBUG 6492 --- [CultureMate API] [  restartedMain] org.hibernate.SQL                        : 
    create global temporary table HTE_interest_togethers(rn_ number(10, 0) not null, interest_together_id number(19, 0), member_id number(19, 0), together_id number(19, 0), primary key (rn_)) 
        on commit delete rows
Hibernate: 
    create global temporary table HTE_interest_togethers(rn_ number(10, 0) not null, interest_together_id number(19, 0), member_id number(19, 0), together_id number(19, 0), primary key (rn_)) 
        on commit delete rows
2025-09-13T21:49:16.346+09:00 DEBUG 6492 --- [CultureMate API] [  restartedMain] org.hibernate.SQL                        : 
    create global temporary table HTE_region(rn_ number(10, 0) not null, id number(19, 0), parent_id number(19, 0), region_name varchar2(255 char), primary key (rn_)) 
        on commit delete rows
Hibernate: 
    create global temporary table HTE_region(rn_ number(10, 0) not null, id number(19, 0), parent_id number(19, 0), region_name varchar2(255 char), primary key (rn_)) 
        on commit delete rows
2025-09-13T21:49:16.367+09:00 DEBUG 6492 --- [CultureMate API] [  restartedMain] org.hibernate.SQL                        : 
    create global temporary table HTE_comment_like(rn_ number(10, 0) not null, comment_id number(19, 0), comment_like_id number(19, 0), member_id number(19, 0), primary key (rn_)) 
        on commit delete rows
Hibernate: 
    create global temporary table HTE_comment_like(rn_ number(10, 0) not null, comment_id number(19, 0), comment_like_id number(19, 0), member_id number(19, 0), primary key (rn_)) 
        on commit delete rows
2025-09-13T21:49:16.387+09:00 DEBUG 6492 --- [CultureMate API] [  restartedMain] org.hibernate.SQL                        : 
    create global temporary table HTE_participants(rn_ number(10, 0) not null, member_id number(19, 0), participant_id number(19, 0), together_id number(19, 0), status varchar2(255 char), primary key (rn_)) 
        on commit delete rows
Hibernate: 
    create global temporary table HTE_participants(rn_ number(10, 0) not null, member_id number(19, 0), participant_id number(19, 0), together_id number(19, 0), status varchar2(255 char), primary key (rn_)) 
        on commit delete rows
2025-09-13T21:49:16.408+09:00 DEBUG 6492 --- [CultureMate API] [  restartedMain] org.hibernate.SQL                        : 
    create global temporary table HTE_chat_member(rn_ number(10, 0) not null, chat_member_id number(19, 0), member_id number(19, 0), room_id number(19, 0), primary key (rn_)) 
        on commit delete rows
Hibernate: 
    create global temporary table HTE_chat_member(rn_ number(10, 0) not null, chat_member_id number(19, 0), member_id number(19, 0), room_id number(19, 0), primary key (rn_)) 
        on commit delete rows
2025-09-13T21:49:16.426+09:00 DEBUG 6492 --- [CultureMate API] [  restartedMain] org.hibernate.SQL                        : 
    create global temporary table HTE_tag(count number(10, 0), rn_ number(10, 0) not null, tag varchar2(255 char), primary key (rn_)) 
        on commit delete rows
Hibernate: 
    create global temporary table HTE_tag(count number(10, 0), rn_ number(10, 0) not null, tag varchar2(255 char), primary key (rn_)) 
        on commit delete rows
2025-09-13T21:49:16.444+09:00 DEBUG 6492 --- [CultureMate API] [  restartedMain] org.hibernate.SQL                        : 
    create global temporary table HTE_event_review(rating number(10, 0), rn_ number(10, 0) not null, author_id number(19, 0), created_at timestamp(6) with time zone, event_id number(19, 0), review_id number(19, 0), updated_at timestamp(6) with time zone, content varchar2(2000 char), primary key (rn_)) 
        on commit delete rows
Hibernate: 
    create global temporary table HTE_event_review(rating number(10, 0), rn_ number(10, 0) not null, author_id number(19, 0), created_at timestamp(6) with time zone, event_id number(19, 0), review_id number(19, 0), updated_at timestamp(6) with time zone, content varchar2(2000 char), primary key (rn_)) 
        on commit delete rows
2025-09-13T21:49:16.471+09:00 DEBUG 6492 --- [CultureMate API] [  restartedMain] org.hibernate.SQL                        : 
    create global temporary table HTE_event(avg_rating number(38, 2), duration_min number(10, 0), end_date date, interest_count number(10, 0), min_age number(10, 0), review_count number(10, 0), rn_ number(10, 0) not null, start_date date, created_at timestamp(6) with time zone, event_id number(19, 0), region_id number(19, 0), region_snapshot_id number(19, 0), updated_at timestamp(6) with time zone, region_level1 varchar2(50 char), region_level2 varchar2(50 char), region_level3 varchar2(50 char), address varchar2(255 char), address_detail varchar2(255 char), description varchar2(255 char), event_location varchar2(255 char), event_type varchar2(255 char), main_image_path varchar2(255 char), thumbnail_image_path varchar2(255 char), title varchar2(255 char), primary key (rn_)) 
        on commit delete rows
Hibernate: 
    create global temporary table HTE_event(avg_rating number(38, 2), duration_min number(10, 0), end_date date, interest_count number(10, 0), min_age number(10, 0), review_count number(10, 0), rn_ number(10, 0) not null, start_date date, created_at timestamp(6) with time zone, event_id number(19, 0), region_id number(19, 0), region_snapshot_id number(19, 0), updated_at timestamp(6) with time zone, region_level1 varchar2(50 char), region_level2 varchar2(50 char), region_level3 varchar2(50 char), address varchar2(255 char), address_detail varchar2(255 char), description varchar2(255 char), event_location varchar2(255 char), event_type varchar2(255 char), main_image_path varchar2(255 char), thumbnail_image_path varchar2(255 char), title varchar2(255 char), primary key (rn_)) 
        on commit delete rows
2025-09-13T21:49:16.490+09:00 DEBUG 6492 --- [CultureMate API] [  restartedMain] org.hibernate.SQL                        : 
    create global temporary table HTE_together(host_recruiting_enabled number(1, 0), interest_count number(10, 0), max_participants number(10, 0), meeting_date date, participant_count number(10, 0), rn_ number(10, 0) not null, created_at timestamp(6) with time zone, event_id number(19, 0), host_id number(19, 0), region_id number(19, 0), region_snapshot_id number(19, 0), together_id number(19, 0), updated_at timestamp(6) with time zone, region_level1 varchar2(50 char), region_level2 varchar2(50 char), region_level3 varchar2(50 char), content varchar2(2000 char), main_image_path varchar2(255 char), meeting_location varchar2(255 char), thumbnail_image_path varchar2(255 char), title varchar2(255 char), primary key (rn_)) 
        on commit delete rows
Hibernate: 
    create global temporary table HTE_together(host_recruiting_enabled number(1, 0), interest_count number(10, 0), max_participants number(10, 0), meeting_date date, participant_count number(10, 0), rn_ number(10, 0) not null, created_at timestamp(6) with time zone, event_id number(19, 0), host_id number(19, 0), region_id number(19, 0), region_snapshot_id number(19, 0), together_id number(19, 0), updated_at timestamp(6) with time zone, region_level1 varchar2(50 char), region_level2 varchar2(50 char), region_level3 varchar2(50 char), content varchar2(2000 char), main_image_path varchar2(255 char), meeting_location varchar2(255 char), thumbnail_image_path varchar2(255 char), title varchar2(255 char), primary key (rn_)) 
        on commit delete rows
2025-09-13T21:49:16.637+09:00  INFO 6492 --- [CultureMate API] [  restartedMain] o.h.e.t.j.p.i.JtaPlatformInitiator       : HHH000489: No JTA platform available (set 'hibernate.transaction.jta.platform' to enable JTA platform integration)
2025-09-13T21:49:20.304+09:00  INFO 6492 --- [CultureMate API] [  restartedMain] j.LocalContainerEntityManagerFactoryBean : Initialized JPA EntityManagerFactory for persistence unit 'default'
2025-09-13T21:49:20.547+09:00  INFO 6492 --- [CultureMate API] [  restartedMain] r$InitializeUserDetailsManagerConfigurer : Global AuthenticationManager configured with UserDetailsService bean with name loginService
2025-09-13T21:49:21.375+09:00  WARN 6492 --- [CultureMate API] [  restartedMain] JpaBaseConfiguration$JpaWebConfiguration : spring.jpa.open-in-view is enabled by default. Therefore, database queries may be performed during view rendering. Explicitly configure spring.jpa.open-in-view to disable this warning
2025-09-13T21:49:21.931+09:00  INFO 6492 --- [CultureMate API] [  restartedMain] o.s.b.a.h2.H2ConsoleAutoConfiguration    : H2 console available at '/h2-console'. Database available at 'jdbc:oracle:thin:@//kafolio.kr:2444/orcl'
2025-09-13T21:49:21.981+09:00  INFO 6492 --- [CultureMate API] [  restartedMain] o.s.b.d.a.OptionalLiveReloadServer       : LiveReload server is running on port 35729
2025-09-13T21:49:22.009+09:00  INFO 6492 --- [CultureMate API] [  restartedMain] o.s.m.s.b.SimpleBrokerMessageHandler     : Starting...
2025-09-13T21:49:22.010+09:00  INFO 6492 --- [CultureMate API] [  restartedMain] o.s.m.s.b.SimpleBrokerMessageHandler     : BrokerAvailabilityEvent[available=true, SimpleBrokerMessageHandler [org.springframework.messaging.simp.broker.DefaultSubscriptionRegistry@72cf7e4d]]
2025-09-13T21:49:22.010+09:00  INFO 6492 --- [CultureMate API] [  restartedMain] o.s.m.s.b.SimpleBrokerMessageHandler     : Started.
2025-09-13T21:49:22.018+09:00  INFO 6492 --- [CultureMate API] [  restartedMain] o.s.b.w.embedded.tomcat.TomcatWebServer  : Tomcat started on port 8080 (http) with context path '/'
2025-09-13T21:49:22.030+09:00  INFO 6492 --- [CultureMate API] [  restartedMain] c.c.c.CultureMateApiApplication          : Started CultureMateApiApplication in 8.972 seconds (process running for 797.731)
2025-09-13T21:49:22.034+09:00  INFO 6492 --- [CultureMate API] [  restartedMain] .ConditionEvaluationDeltaLoggingListener : Condition evaluation unchanged
start culturemate-api server!
hello

> Task :bootRun FAILED

FAILURE: Build failed with an exception.

* What went wrong:
Execution failed for task ':bootRun'.
> Process 'command 'C:\Program Files\Java\jdk-21\bin\java.exe'' finished with non-zero exit value 1

* Try:
> Run with --stacktrace option to get the stack trace.
> Run with --info or --debug option to get more log output.
> Run with --scan to get full insights.
> Get more help at https://help.gradle.org.

BUILD FAILED in 14m 1s
4 actionable tasks: 2 executed, 2 up-to-date
